\BOOKMARK [0][-]{chapter*.1}{\376\377\000R\000e\000m\000e\000r\000c\000i\000e\000m\000e\000n\000t\000s}{}% 1
\BOOKMARK [0][-]{chapter*.2}{\376\377\000R\000\351\000s\000u\000m\000\351}{}% 2
\BOOKMARK [0][-]{chapter*.3}{\376\377\000L\000i\000s\000t\000e\000\040\000d\000e\000s\000\040\000f\000i\000g\000u\000r\000e\000s}{}% 3
\BOOKMARK [0][-]{chapter*.4}{\376\377\000T\000a\000b\000l\000e\000\040\000d\000e\000s\000\040\000m\000a\000t\000i\000\350\000r\000e\000s}{}% 4
\BOOKMARK [0][-]{chapter.1}{\376\377\000C\000o\000n\000t\000e\000x\000t\000e\000\040\000G\000\351\000n\000\351\000r\000a\000l\000\040\000d\000u\000\040\000P\000r\000o\000j\000e\000t}{}% 5
\BOOKMARK [1][-]{section.1.1}{\376\377\000P\000r\000\351\000s\000e\000n\000t\000a\000t\000i\000o\000n\000\040\000d\000e\000\040\000l\040\031\000e\000n\000t\000r\000e\000p\000r\000i\000s\000e\000\040\000F\000C\000P\000O}{chapter.1}% 6
\BOOKMARK [2][-]{subsection.1.1.1}{\376\377\000L\040\031\000a\000g\000e\000n\000c\000e\000\040\000d\000i\000g\000i\000t\000a\000l\000e\000\040\000F\000C\000P\000O}{section.1.1}% 7
\BOOKMARK [2][-]{subsection.1.1.2}{\376\377\000L\000e\000s\000\040\000S\000e\000r\000v\000i\000c\000e\000s\000\040\000P\000r\000o\000p\000o\000s\000\351\000s}{section.1.1}% 8
\BOOKMARK [1][-]{section.1.2}{\376\377\000P\000r\000\351\000s\000e\000n\000t\000a\000t\000i\000o\000n\000\040\000d\000u\000\040\000p\000r\000o\000j\000e\000t}{chapter.1}% 9
\BOOKMARK [2][-]{subsection.1.2.1}{\376\377\000C\000o\000n\000t\000e\000x\000t\000e\000\040\000d\000u\000\040\000p\000r\000o\000j\000e\000t}{section.1.2}% 10
\BOOKMARK [3][-]{subsubsection.1.2.1.1}{\376\377\000L\000e\000s\000\040\000o\000b\000j\000e\000c\000t\000i\000f\000s\000\040\000p\000r\000i\000n\000c\000i\000p\000a\000u\000x\000\040\000d\000u\000\040\000p\000r\000o\000j\000e\000t\000\040\000\351\000t\000a\000i\000e\000n\000t\000\040\000l\000e\000s\000\040\000s\000u\000i\000v\000a\000n\000t\000s\000\040\000:}{subsection.1.2.1}% 11
\BOOKMARK [2][-]{subsection.1.2.2}{\376\377\000I\000n\000t\000r\000o\000d\000u\000c\000t\000i\000o\000n\000\040\000\340\000\040\000u\000n\000\040\000C\000h\000a\000t\000b\000o\000t}{section.1.2}% 12
\BOOKMARK [3][-]{subsubsection.1.2.2.1}{\376\377\000F\000o\000n\000c\000t\000i\000o\000n\000n\000e\000m\000e\000n\000t\000\040\000d\000e\000s\000\040\000C\000h\000a\000t\000b\000o\000t\000s}{subsection.1.2.2}% 13
\BOOKMARK [3][-]{subsubsection.1.2.2.2}{\376\377\000T\000y\000p\000e\000s\000\040\000d\000e\000\040\000C\000h\000a\000t\000b\000o\000t\000s}{subsection.1.2.2}% 14
\BOOKMARK [3][-]{subsubsection.1.2.2.3}{\376\377\000A\000p\000p\000l\000i\000c\000a\000t\000i\000o\000n\000s\000\040\000d\000e\000s\000\040\000C\000h\000a\000t\000b\000o\000t\000s}{subsection.1.2.2}% 15
\BOOKMARK [3][-]{subsubsection.1.2.2.4}{\376\377\000A\000v\000a\000n\000t\000a\000g\000e\000s\000\040\000d\000e\000s\000\040\000C\000h\000a\000t\000b\000o\000t\000s}{subsection.1.2.2}% 16
\BOOKMARK [0][-]{chapter.2}{\376\377\000E\000n\000v\000i\000r\000o\000n\000n\000e\000m\000e\000n\000t\000\040\000d\000e\000\040\000D\000\351\000v\000e\000l\000o\000p\000p\000e\000m\000e\000n\000t}{}% 17
\BOOKMARK [1][-]{section.2.1}{\376\377\000S\000y\000s\000t\000\350\000m\000e\000\040\000d\000'\000E\000x\000p\000l\000o\000i\000t\000a\000t\000i\000o\000n\000:\000\040\000A\000r\000c\000h\000\040\000L\000i\000n\000u\000x\000\040\000\050\000B\000T\000W\000\051}{chapter.2}% 18
\BOOKMARK [2][-]{subsection.2.1.1}{\376\377\000S\000i\000m\000p\000l\000i\000c\000i\000t\000\351\000\040\000e\000t\000\040\000C\000o\000n\000t\000r\000\364\000l\000e}{section.2.1}% 19
\BOOKMARK [2][-]{subsection.2.1.2}{\376\377\000D\000o\000c\000u\000m\000e\000n\000t\000a\000t\000i\000o\000n\000\040\000C\000o\000m\000p\000l\000\350\000t\000e}{section.2.1}% 20
\BOOKMARK [2][-]{subsection.2.1.3}{\376\377\000M\000i\000s\000e\000\040\000\340\000\040\000J\000o\000u\000r\000\040\000C\000o\000n\000t\000i\000n\000u\000e}{section.2.1}% 21
\BOOKMARK [2][-]{subsection.2.1.4}{\376\377\000C\000o\000m\000m\000u\000n\000a\000u\000t\000\351\000\040\000A\000c\000t\000i\000v\000e}{section.2.1}% 22
\BOOKMARK [1][-]{section.2.2}{\376\377\000\311\000d\000i\000t\000e\000u\000r\000s\000\040\000d\000e\000\040\000t\000e\000x\000t\000e\000:\000\040\000\050\000N\000e\000o\000\051\000V\000i\000m}{chapter.2}% 23
\BOOKMARK [2][-]{subsection.2.2.1}{\376\377\000I\000n\000s\000p\000i\000r\000a\000t\000i\000o\000n}{section.2.2}% 24
\BOOKMARK [2][-]{subsection.2.2.2}{\376\377\000C\000o\000n\000f\000i\000g\000u\000r\000a\000t\000i\000o\000n\000\040\000P\000e\000r\000s\000o\000n\000n\000a\000l\000i\000s\000\351\000e}{section.2.2}% 25
\BOOKMARK [2][-]{subsection.2.2.3}{\376\377\000A\000v\000a\000n\000t\000a\000g\000e\000s\000\040\000d\000e\000\040\000N\000e\000o\000v\000i\000m}{section.2.2}% 26
\BOOKMARK [1][-]{section.2.3}{\376\377\000T\000e\000r\000m\000i\000n\000a\000l\000:\000\040\000A\000l\000a\000c\000r\000i\000t\000t\000y\000\040\000a\000v\000e\000c\000\040\000Z\000s\000h}{chapter.2}% 27
\BOOKMARK [2][-]{subsection.2.3.1}{\376\377\000A\000l\000a\000c\000r\000i\000t\000t\000y}{section.2.3}% 28
\BOOKMARK [2][-]{subsection.2.3.2}{\376\377\000Z\000s\000h}{section.2.3}% 29
\BOOKMARK [2][-]{subsection.2.3.3}{\376\377\000O\000u\000t\000i\000l\000s\000\040\000s\000u\000p\000p\000l\000\351\000m\000e\000n\000t\000a\000i\000r\000e\000s}{section.2.3}% 30
\BOOKMARK [1][-]{section.2.4}{\376\377\000C\000o\000n\000t\000r\000\364\000l\000e\000\040\000d\000e\000\040\000V\000e\000r\000s\000i\000o\000n\000:\000\040\000G\000i\000t\000\040\000e\000t\000\040\000G\000i\000t\000H\000u\000b}{chapter.2}% 31
\BOOKMARK [2][-]{subsection.2.4.1}{\376\377\000G\000i\000t}{section.2.4}% 32
\BOOKMARK [2][-]{subsection.2.4.2}{\376\377\000G\000i\000t\000H\000u\000b}{section.2.4}% 33
\BOOKMARK [1][-]{section.2.5}{\376\377\000A\000u\000t\000r\000e\000s\000\040\000O\000u\000t\000i\000l\000s}{chapter.2}% 34
\BOOKMARK [2][-]{subsection.2.5.1}{\376\377\000L\000a\000T\000e\000X}{section.2.5}% 35
\BOOKMARK [2][-]{subsection.2.5.2}{\376\377\000P\000o\000s\000t\000m\000a\000n}{section.2.5}% 36
\BOOKMARK [2][-]{subsection.2.5.3}{\376\377\000E\000r\000a\000s\000e\000r}{section.2.5}% 37
\BOOKMARK [2][-]{subsection.2.5.4}{\376\377\000F\000i\000g\000m\000a}{section.2.5}% 38
\BOOKMARK [0][-]{chapter.3}{\376\377\000C\000o\000n\000c\000e\000p\000t\000i\000o\000n\000\040\000e\000t\000\040\000d\000\351\000v\000e\000l\000o\000p\000p\000e\000m\000e\000n\000t\000\040\000d\000e\000\040\000l\040\031\000a\000p\000p\000l\000i\000c\000a\000t\000i\000o\000n}{}% 39
\BOOKMARK [1][-]{section.3.1}{\376\377\000D\000e\000s\000c\000r\000i\000p\000t\000i\000o\000n\000\040\000d\000u\000\040\000f\000l\000u\000x\000\040\000d\000e\000\040\000C\000h\000a\000t\000b\000o\000t}{chapter.3}% 40
\BOOKMARK [2][-]{subsection.3.1.1}{\376\377\000F\000A\000Q}{section.3.1}% 41
\BOOKMARK [2][-]{subsection.3.1.2}{\376\377\000P\000r\000i\000s\000e\000\040\000d\000e\000\040\000r\000e\000n\000d\000e\000z\000-\000v\000o\000u\000s}{section.3.1}% 42
\BOOKMARK [1][-]{section.3.2}{\376\377\000E\000x\000p\000l\000i\000c\000a\000t\000i\000o\000n\000\040\000d\000e\000s\000\040\000c\000h\000o\000i\000x\000\040\000t\000e\000c\000h\000n\000o\000l\000o\000g\000i\000q\000u\000e\000s}{chapter.3}% 43
\BOOKMARK [2][-]{subsection.3.2.1}{\376\377\000R\000e\000a\000c\000t}{section.3.2}% 44
\BOOKMARK [3][-]{subsubsection.3.2.1.1}{\376\377\000I\000n\000t\000e\000r\000f\000a\000c\000e\000\040\000U\000t\000i\000l\000i\000s\000a\000t\000e\000u\000r\000\040\000R\000\351\000a\000c\000t\000i\000v\000e\000\040\000e\000t\000\040\000P\000e\000r\000f\000o\000r\000m\000a\000n\000t\000e}{subsection.3.2.1}% 45
\BOOKMARK [3][-]{subsubsection.3.2.1.2}{\376\377\000C\000o\000m\000p\000o\000s\000a\000n\000t\000s\000\040\000R\000\351\000u\000t\000i\000l\000i\000s\000a\000b\000l\000e\000s\000\040\000e\000t\000\040\000M\000o\000d\000u\000l\000a\000i\000r\000e}{subsection.3.2.1}% 46
\BOOKMARK [3][-]{subsubsection.3.2.1.3}{\376\377\000I\000n\000t\000\351\000g\000r\000a\000t\000i\000o\000n\000\040\000F\000a\000c\000i\000l\000e\000\040\000a\000v\000e\000c\000\040\000l\000e\000s\000\040\000A\000P\000I\000s}{subsection.3.2.1}% 47
\BOOKMARK [3][-]{subsubsection.3.2.1.4}{\376\377\000\311\000c\000o\000s\000y\000s\000t\000\350\000m\000e\000\040\000e\000t\000\040\000C\000o\000m\000m\000u\000n\000a\000u\000t\000\351}{subsection.3.2.1}% 48
\BOOKMARK [2][-]{subsection.3.2.2}{\376\377\000S\000y\000m\000f\000o\000n\000y}{section.3.2}% 49
\BOOKMARK [3][-]{subsubsection.3.2.2.1}{\376\377\000F\000r\000a\000m\000e\000w\000o\000r\000k\000\040\000P\000H\000P\000\040\000P\000u\000i\000s\000s\000a\000n\000t}{subsection.3.2.2}% 50
\BOOKMARK [3][-]{subsubsection.3.2.2.2}{\376\377\000G\000e\000s\000t\000i\000o\000n\000\040\000d\000e\000\040\000l\000'\000A\000P\000I\000\040\000a\000v\000e\000c\000\040\000A\000P\000I\000\040\000P\000l\000a\000t\000f\000o\000r\000m}{subsection.3.2.2}% 51
\BOOKMARK [3][-]{subsubsection.3.2.2.3}{\376\377\000S\000\351\000c\000u\000r\000i\000t\000\351\000\040\000R\000e\000n\000f\000o\000r\000c\000\351\000e}{subsection.3.2.2}% 52
\BOOKMARK [1][-]{section.3.3}{\376\377\000D\000i\000a\000g\000r\000a\000m\000m\000e\000s\000\040\000d\000e\000\040\000c\000o\000n\000c\000e\000p\000t\000i\000o\000n\000\040\000u\000t\000i\000l\000i\000s\000\351\000s}{chapter.3}% 53
\BOOKMARK [0][-]{chapter.4}{\376\377\000L\000e\000s\000\040\000m\000i\000s\000s\000i\000o\000n\000s\000\040\000e\000f\000f\000e\000c\000t\000u\000\351\000e\000s}{}% 54
\BOOKMARK [1][-]{section.4.1}{\376\377\000L\000e\000\040\000C\000h\000a\000t\000b\000o\000t}{chapter.4}% 55
\BOOKMARK [2][-]{subsection.4.1.1}{\376\377\000C\000o\000n\000f\000i\000g\000u\000r\000a\000t\000i\000o\000n\000\040\000s\000t\000a\000t\000i\000c}{section.4.1}% 56
\BOOKMARK [2][-]{subsection.4.1.2}{\376\377\000C\000o\000n\000f\000i\000g\000u\000r\000a\000t\000i\000o\000n\000\040\000d\000y\000n\000a\000m\000i\000q\000u\000e}{section.4.1}% 57
\BOOKMARK [1][-]{section.4.2}{\376\377\000L\000a\000\040\000b\000a\000s\000e\000\040\000d\000e\000\040\000d\000o\000n\000n\000\351\000\351\000s}{chapter.4}% 58
\BOOKMARK [2][-]{subsection.4.2.1}{\376\377\000C\000r\000\351\000a\000t\000i\000o\000n\000\040\000d\000e\000s\000\040\000e\000n\000t\000i\000t\000\351\000s}{section.4.2}% 59
\BOOKMARK [2][-]{subsection.4.2.2}{\376\377\000C\000o\000n\000f\000i\000g\000u\000r\000a\000t\000i\000o\000n\000\040\000d\000'\000A\000P\000I}{section.4.2}% 60
\BOOKMARK [1][-]{section.4.3}{\376\377\000T\000a\000b\000l\000e\000a\000u\000\040\000d\000e\000\040\000b\000o\000r\000d}{chapter.4}% 61
\BOOKMARK [2][-]{subsection.4.3.1}{\376\377\000L\000a\000\040\000g\000e\000s\000t\000i\000o\000n\000\040\000d\000e\000s\000\040\000r\000e\000n\000d\000e\000z\000-\000v\000o\000u\000s}{section.4.3}% 62
\BOOKMARK [2][-]{subsection.4.3.2}{\376\377\000L\000a\000\040\000g\000e\000s\000t\000i\000o\000n\000\040\000d\000'\000\351\000q\000u\000i\000p\000e\000\040\000m\000e\000d\000i\000c\000a\000l\000e}{section.4.3}% 63
\BOOKMARK [2][-]{subsection.4.3.3}{\376\377\000L\000a\000\040\000g\000e\000s\000t\000i\000o\000n\000\040\000d\000u\000\040\000C\000h\000a\000t\000b\000o\000t}{section.4.3}% 64
\BOOKMARK [0][-]{chapter.5}{\376\377\000L\000e\000s\000\040\000a\000p\000p\000o\000r\000t\000s\000\040\000d\000u\000\040\000s\000t\000a\000g\000e}{}% 65
\BOOKMARK [1][-]{section.5.1}{\376\377\000L\000e\000s\000\040\000a\000p\000p\000o\000r\000t\000s\000\040\000t\000h\000\351\000o\000r\000i\000q\000u\000e\000s\000\040\000e\000t\000\040\000i\000n\000t\000e\000l\000l\000e\000c\000t\000u\000e\000l\000s}{chapter.5}% 66
\BOOKMARK [1][-]{section.5.2}{\376\377\000L\000e\000s\000\040\000c\000o\000m\000p\000\351\000t\000e\000n\000c\000e\000s\000\040\000p\000r\000a\000t\000i\000q\000u\000e\000s\000\040\000d\000\351\000v\000e\000l\000o\000p\000p\000\351\000e\000s}{chapter.5}% 67
\BOOKMARK [1][-]{section.5.3}{\376\377\000L\000e\000s\000\040\000a\000p\000p\000o\000r\000t\000s\000\040\000e\000n\000\040\000t\000e\000r\000m\000e\000s\000\040\000d\000e\000\040\000m\000o\000n\000d\000e\000\040\000d\000e\000\040\000l\000'\000e\000n\000t\000r\000e\000p\000r\000i\000s\000e}{chapter.5}% 68
\BOOKMARK [0][-]{chapter.6}{\376\377\000L\000e\000s\000\040\000d\000i\000f\000f\000i\000c\000u\000l\000t\000\351\000s\000\040\000d\000u\000\040\000s\000t\000a\000g\000e\000\040\000e\000t\000\040\000l\000e\000s\000\040\000s\000o\000l\000u\000t\000i\000o\000n\000s\000\040\000a\000p\000p\000o\000r\000t\000\351\000e\000s}{}% 69
\BOOKMARK [1][-]{section.6.1}{\376\377\000L\000e\000s\000\040\000d\000i\000f\000f\000i\000c\000u\000l\000t\000\351\000s\000\040\000r\000e\000n\000c\000o\000n\000t\000r\000\351\000e\000s}{chapter.6}% 70
\BOOKMARK [1][-]{section.6.2}{\376\377\000L\000e\000s\000\040\000s\000o\000l\000u\000t\000i\000o\000n\000s\000\040\000a\000p\000p\000o\000r\000t\000\351\000e\000s\000\040\000\340\000\040\000c\000e\000s\000\040\000d\000i\000f\000f\000i\000c\000u\000l\000t\000\351\000s}{chapter.6}% 71
\BOOKMARK [0][-]{chapter*.19}{\376\377\000C\000o\000n\000c\000l\000u\000s\000i\000o\000n\000\040\000g\000\351\000n\000\351\000r\000a\000l\000e\000\040\000e\000t\000\040\000p\000e\000r\000s\000p\000e\000c\000t\000i\000v\000e\000s}{}% 72
\BOOKMARK [0][-]{appendix.A}{\376\377\000G\000l\000o\000s\000s\000a\000i\000r\000e}{}% 73
\BOOKMARK [0][-]{appendix.B}{\376\377\000A\000c\000r\000o\000n\000y\000m\000e\000s}{}% 74
\BOOKMARK [0][-]{appendix*.20}{\376\377\000R\000e\000s\000s\000o\000u\000r\000c\000e\000s}{}% 75
